WARNING: Logging before InitGoogleLogging() is written to STDERR
I0323 19:55:37.015297 18607 solver.cpp:48] Initializing solver from parameters: 
train_net: "prototxt/net_hdf5_train.prototxt"
test_net: "prototxt/net_hdf5_test.prototxt"
test_iter: 100
test_interval: 10
base_lr: 0.01
display: 10
max_iter: 10000
lr_policy: "inv"
gamma: 0.0001
power: 0.75
momentum: 0.9
weight_decay: 0.0005
solver_mode: GPU
random_seed: 831486
type: "Nesterov"
I0323 19:55:37.015339 18607 solver.cpp:81] Creating training net from train_net file: prototxt/net_hdf5_train.prototxt
I0323 19:55:37.015660 18607 net.cpp:49] Initializing net from parameters: 
state {
  phase: TRAIN
}
layer {
  name: "data"
  type: "HDF5Data"
  top: "data"
  top: "label"
  hdf5_data_param {
    source: "/mnt/scratch/pierre/caffe_sandbox_tryouts/mnist/mnist_train_hdf5/h5list"
    batch_size: 64
  }
}
layer {
  name: "conv1"
  type: "Convolution"
  bottom: "data"
  top: "conv1"
  convolution_param {
    num_output: 50
    kernel_size: 5
    weight_filler {
      type: "xavier"
    }
  }
}
layer {
  name: "pool1"
  type: "Pooling"
  bottom: "conv1"
  top: "pool1"
  pooling_param {
    pool: MAX
    kernel_size: 2
    stride: 2
  }
}
layer {
  name: "relu1"
  type: "ReLU"
  bottom: "pool1"
  top: "pool1"
}
layer {
  name: "conv2"
  type: "Convolution"
  bottom: "pool1"
  top: "conv2"
  convolution_param {
    num_output: 50
    kernel_size: 5
    weight_filler {
      type: "xavier"
    }
  }
}
layer {
  name: "pool2"
  type: "Pooling"
  bottom: "conv2"
  top: "pool2"
  pooling_param {
    pool: MAX
    kernel_size: 2
    stride: 2
  }
}
layer {
  name: "relu2"
  type: "ReLU"
  bottom: "pool2"
  top: "pool2"
}
layer {
  name: "fc1"
  type: "InnerProduct"
  bottom: "pool2"
  top: "fc1"
  inner_product_param {
    num_output: 500
    weight_filler {
      type: "xavier"
    }
  }
}
layer {
  name: "score"
  type: "InnerProduct"
  bottom: "fc1"
  top: "score"
  inner_product_param {
    num_output: 10
    weight_filler {
      type: "xavier"
    }
  }
}
layer {
  name: "loss"
  type: "SigmoidCrossEntropyLoss"
  bottom: "score"
  bottom: "label"
  top: "loss"
}
I0323 19:55:37.015708 18607 layer_factory.hpp:77] Creating layer data
I0323 19:55:37.015723 18607 net.cpp:91] Creating Layer data
I0323 19:55:37.015730 18607 net.cpp:399] data -> data
I0323 19:55:37.015748 18607 net.cpp:399] data -> label
I0323 19:55:37.015760 18607 hdf5_data_layer.cpp:79] Loading list of HDF5 filenames from: /mnt/scratch/pierre/caffe_sandbox_tryouts/mnist/mnist_train_hdf5/h5list
I0323 19:55:37.015792 18607 hdf5_data_layer.cpp:93] Number of HDF5 files: 1
I0323 19:55:37.016230 18607 hdf5.cpp:35] Datatype class: H5T_INTEGER
I0323 19:55:37.252483 18607 net.cpp:141] Setting up data
I0323 19:55:37.252522 18607 net.cpp:148] Top shape: 64 1 28 28 (50176)
I0323 19:55:37.252529 18607 net.cpp:148] Top shape: 64 10 (640)
I0323 19:55:37.252532 18607 net.cpp:156] Memory required for data: 203264
I0323 19:55:37.252542 18607 layer_factory.hpp:77] Creating layer conv1
I0323 19:55:37.252564 18607 net.cpp:91] Creating Layer conv1
I0323 19:55:37.252569 18607 net.cpp:425] conv1 <- data
I0323 19:55:37.252578 18607 net.cpp:399] conv1 -> conv1
I0323 19:55:37.253929 18607 net.cpp:141] Setting up conv1
I0323 19:55:37.253942 18607 net.cpp:148] Top shape: 64 50 24 24 (1843200)
I0323 19:55:37.253945 18607 net.cpp:156] Memory required for data: 7576064
I0323 19:55:37.253967 18607 layer_factory.hpp:77] Creating layer pool1
I0323 19:55:37.253976 18607 net.cpp:91] Creating Layer pool1
I0323 19:55:37.253980 18607 net.cpp:425] pool1 <- conv1
I0323 19:55:37.253986 18607 net.cpp:399] pool1 -> pool1
I0323 19:55:37.254031 18607 net.cpp:141] Setting up pool1
I0323 19:55:37.254040 18607 net.cpp:148] Top shape: 64 50 12 12 (460800)
I0323 19:55:37.254043 18607 net.cpp:156] Memory required for data: 9419264
I0323 19:55:37.254048 18607 layer_factory.hpp:77] Creating layer relu1
I0323 19:55:37.254055 18607 net.cpp:91] Creating Layer relu1
I0323 19:55:37.254058 18607 net.cpp:425] relu1 <- pool1
I0323 19:55:37.254063 18607 net.cpp:386] relu1 -> pool1 (in-place)
I0323 19:55:37.254073 18607 net.cpp:141] Setting up relu1
I0323 19:55:37.254079 18607 net.cpp:148] Top shape: 64 50 12 12 (460800)
I0323 19:55:37.254083 18607 net.cpp:156] Memory required for data: 11262464
I0323 19:55:37.254086 18607 layer_factory.hpp:77] Creating layer conv2
I0323 19:55:37.254096 18607 net.cpp:91] Creating Layer conv2
I0323 19:55:37.254101 18607 net.cpp:425] conv2 <- pool1
I0323 19:55:37.254106 18607 net.cpp:399] conv2 -> conv2
I0323 19:55:37.255332 18607 net.cpp:141] Setting up conv2
I0323 19:55:37.255345 18607 net.cpp:148] Top shape: 64 50 8 8 (204800)
I0323 19:55:37.255349 18607 net.cpp:156] Memory required for data: 12081664
I0323 19:55:37.255359 18607 layer_factory.hpp:77] Creating layer pool2
I0323 19:55:37.255367 18607 net.cpp:91] Creating Layer pool2
I0323 19:55:37.255372 18607 net.cpp:425] pool2 <- conv2
I0323 19:55:37.255378 18607 net.cpp:399] pool2 -> pool2
I0323 19:55:37.255417 18607 net.cpp:141] Setting up pool2
I0323 19:55:37.255425 18607 net.cpp:148] Top shape: 64 50 4 4 (51200)
I0323 19:55:37.255429 18607 net.cpp:156] Memory required for data: 12286464
I0323 19:55:37.255432 18607 layer_factory.hpp:77] Creating layer relu2
I0323 19:55:37.255439 18607 net.cpp:91] Creating Layer relu2
I0323 19:55:37.255442 18607 net.cpp:425] relu2 <- pool2
I0323 19:55:37.255448 18607 net.cpp:386] relu2 -> pool2 (in-place)
I0323 19:55:37.255455 18607 net.cpp:141] Setting up relu2
I0323 19:55:37.255460 18607 net.cpp:148] Top shape: 64 50 4 4 (51200)
I0323 19:55:37.255463 18607 net.cpp:156] Memory required for data: 12491264
I0323 19:55:37.255467 18607 layer_factory.hpp:77] Creating layer fc1
I0323 19:55:37.255478 18607 net.cpp:91] Creating Layer fc1
I0323 19:55:37.255482 18607 net.cpp:425] fc1 <- pool2
I0323 19:55:37.255488 18607 net.cpp:399] fc1 -> fc1
I0323 19:55:37.259204 18607 net.cpp:141] Setting up fc1
I0323 19:55:37.259217 18607 net.cpp:148] Top shape: 64 500 (32000)
I0323 19:55:37.259222 18607 net.cpp:156] Memory required for data: 12619264
I0323 19:55:37.259232 18607 layer_factory.hpp:77] Creating layer score
I0323 19:55:37.259241 18607 net.cpp:91] Creating Layer score
I0323 19:55:37.259245 18607 net.cpp:425] score <- fc1
I0323 19:55:37.259253 18607 net.cpp:399] score -> score
I0323 19:55:37.259939 18607 net.cpp:141] Setting up score
I0323 19:55:37.259951 18607 net.cpp:148] Top shape: 64 10 (640)
I0323 19:55:37.259955 18607 net.cpp:156] Memory required for data: 12621824
I0323 19:55:37.259964 18607 layer_factory.hpp:77] Creating layer loss
I0323 19:55:37.259977 18607 net.cpp:91] Creating Layer loss
I0323 19:55:37.259982 18607 net.cpp:425] loss <- score
I0323 19:55:37.259987 18607 net.cpp:425] loss <- label
I0323 19:55:37.259994 18607 net.cpp:399] loss -> loss
I0323 19:55:37.260042 18607 net.cpp:141] Setting up loss
I0323 19:55:37.260051 18607 net.cpp:148] Top shape: (1)
I0323 19:55:37.260054 18607 net.cpp:151]     with loss weight 1
I0323 19:55:37.260076 18607 net.cpp:156] Memory required for data: 12621828
I0323 19:55:37.260081 18607 net.cpp:217] loss needs backward computation.
I0323 19:55:37.260084 18607 net.cpp:217] score needs backward computation.
I0323 19:55:37.260088 18607 net.cpp:217] fc1 needs backward computation.
I0323 19:55:37.260092 18607 net.cpp:217] relu2 needs backward computation.
I0323 19:55:37.260095 18607 net.cpp:217] pool2 needs backward computation.
I0323 19:55:37.260099 18607 net.cpp:217] conv2 needs backward computation.
I0323 19:55:37.260102 18607 net.cpp:217] relu1 needs backward computation.
I0323 19:55:37.260107 18607 net.cpp:217] pool1 needs backward computation.
I0323 19:55:37.260110 18607 net.cpp:217] conv1 needs backward computation.
I0323 19:55:37.260114 18607 net.cpp:219] data does not need backward computation.
I0323 19:55:37.260118 18607 net.cpp:261] This network produces output loss
I0323 19:55:37.260126 18607 net.cpp:274] Network initialization done.
I0323 19:55:37.260371 18607 solver.cpp:181] Creating test net (#0) specified by test_net file: prototxt/net_hdf5_test.prototxt
I0323 19:55:37.260493 18607 net.cpp:49] Initializing net from parameters: 
state {
  phase: TEST
}
layer {
  name: "data"
  type: "HDF5Data"
  top: "data"
  top: "label"
  hdf5_data_param {
    source: "/mnt/scratch/pierre/caffe_sandbox_tryouts/mnist/mnist_test_hdf5/h5list"
    batch_size: 100
  }
}
layer {
  name: "conv1"
  type: "Convolution"
  bottom: "data"
  top: "conv1"
  convolution_param {
    num_output: 50
    kernel_size: 5
    weight_filler {
      type: "xavier"
    }
  }
}
layer {
  name: "pool1"
  type: "Pooling"
  bottom: "conv1"
  top: "pool1"
  pooling_param {
    pool: MAX
    kernel_size: 2
    stride: 2
  }
}
layer {
  name: "relu1"
  type: "ReLU"
  bottom: "pool1"
  top: "pool1"
}
layer {
  name: "conv2"
  type: "Convolution"
  bottom: "pool1"
  top: "conv2"
  convolution_param {
    num_output: 50
    kernel_size: 5
    weight_filler {
      type: "xavier"
    }
  }
}
layer {
  name: "pool2"
  type: "Pooling"
  bottom: "conv2"
  top: "pool2"
  pooling_param {
    pool: MAX
    kernel_size: 2
    stride: 2
  }
}
layer {
  name: "relu2"
  type: "ReLU"
  bottom: "pool2"
  top: "pool2"
}
layer {
  name: "fc1"
  type: "InnerProduct"
  bottom: "pool2"
  top: "fc1"
  inner_product_param {
    num_output: 500
    weight_filler {
      type: "xavier"
    }
  }
}
layer {
  name: "score"
  type: "InnerProduct"
  bottom: "fc1"
  top: "score"
  inner_product_param {
    num_output: 10
    weight_filler {
      type: "xavier"
    }
  }
}
layer {
  name: "loss"
  type: "SigmoidCrossEntropyLoss"
  bottom: "score"
  bottom: "label"
  top: "loss"
}
I0323 19:55:37.260538 18607 layer_factory.hpp:77] Creating layer data
I0323 19:55:37.260547 18607 net.cpp:91] Creating Layer data
I0323 19:55:37.260552 18607 net.cpp:399] data -> data
I0323 19:55:37.260560 18607 net.cpp:399] data -> label
I0323 19:55:37.260567 18607 hdf5_data_layer.cpp:79] Loading list of HDF5 filenames from: /mnt/scratch/pierre/caffe_sandbox_tryouts/mnist/mnist_test_hdf5/h5list
I0323 19:55:37.260594 18607 hdf5_data_layer.cpp:93] Number of HDF5 files: 1
I0323 19:55:37.299782 18607 net.cpp:141] Setting up data
I0323 19:55:37.299813 18607 net.cpp:148] Top shape: 100 1 28 28 (78400)
I0323 19:55:37.299820 18607 net.cpp:148] Top shape: 100 10 (1000)
I0323 19:55:37.299824 18607 net.cpp:156] Memory required for data: 317600
I0323 19:55:37.299834 18607 layer_factory.hpp:77] Creating layer conv1
I0323 19:55:37.299854 18607 net.cpp:91] Creating Layer conv1
I0323 19:55:37.299860 18607 net.cpp:425] conv1 <- data
I0323 19:55:37.299867 18607 net.cpp:399] conv1 -> conv1
I0323 19:55:37.300153 18607 net.cpp:141] Setting up conv1
I0323 19:55:37.300163 18607 net.cpp:148] Top shape: 100 50 24 24 (2880000)
I0323 19:55:37.300166 18607 net.cpp:156] Memory required for data: 11837600
I0323 19:55:37.300181 18607 layer_factory.hpp:77] Creating layer pool1
I0323 19:55:37.300190 18607 net.cpp:91] Creating Layer pool1
I0323 19:55:37.300195 18607 net.cpp:425] pool1 <- conv1
I0323 19:55:37.300201 18607 net.cpp:399] pool1 -> pool1
I0323 19:55:37.300243 18607 net.cpp:141] Setting up pool1
I0323 19:55:37.300251 18607 net.cpp:148] Top shape: 100 50 12 12 (720000)
I0323 19:55:37.300254 18607 net.cpp:156] Memory required for data: 14717600
I0323 19:55:37.300258 18607 layer_factory.hpp:77] Creating layer relu1
I0323 19:55:37.300266 18607 net.cpp:91] Creating Layer relu1
I0323 19:55:37.300269 18607 net.cpp:425] relu1 <- pool1
I0323 19:55:37.300276 18607 net.cpp:386] relu1 -> pool1 (in-place)
I0323 19:55:37.300283 18607 net.cpp:141] Setting up relu1
I0323 19:55:37.300288 18607 net.cpp:148] Top shape: 100 50 12 12 (720000)
I0323 19:55:37.300292 18607 net.cpp:156] Memory required for data: 17597600
I0323 19:55:37.300295 18607 layer_factory.hpp:77] Creating layer conv2
I0323 19:55:37.300304 18607 net.cpp:91] Creating Layer conv2
I0323 19:55:37.300308 18607 net.cpp:425] conv2 <- pool1
I0323 19:55:37.300314 18607 net.cpp:399] conv2 -> conv2
I0323 19:55:37.301026 18607 net.cpp:141] Setting up conv2
I0323 19:55:37.301038 18607 net.cpp:148] Top shape: 100 50 8 8 (320000)
I0323 19:55:37.301041 18607 net.cpp:156] Memory required for data: 18877600
I0323 19:55:37.301053 18607 layer_factory.hpp:77] Creating layer pool2
I0323 19:55:37.301059 18607 net.cpp:91] Creating Layer pool2
I0323 19:55:37.301064 18607 net.cpp:425] pool2 <- conv2
I0323 19:55:37.301070 18607 net.cpp:399] pool2 -> pool2
I0323 19:55:37.301110 18607 net.cpp:141] Setting up pool2
I0323 19:55:37.301117 18607 net.cpp:148] Top shape: 100 50 4 4 (80000)
I0323 19:55:37.301121 18607 net.cpp:156] Memory required for data: 19197600
I0323 19:55:37.301126 18607 layer_factory.hpp:77] Creating layer relu2
I0323 19:55:37.301131 18607 net.cpp:91] Creating Layer relu2
I0323 19:55:37.301136 18607 net.cpp:425] relu2 <- pool2
I0323 19:55:37.301141 18607 net.cpp:386] relu2 -> pool2 (in-place)
I0323 19:55:37.301147 18607 net.cpp:141] Setting up relu2
I0323 19:55:37.301152 18607 net.cpp:148] Top shape: 100 50 4 4 (80000)
I0323 19:55:37.301156 18607 net.cpp:156] Memory required for data: 19517600
I0323 19:55:37.301159 18607 layer_factory.hpp:77] Creating layer fc1
I0323 19:55:37.301167 18607 net.cpp:91] Creating Layer fc1
I0323 19:55:37.301172 18607 net.cpp:425] fc1 <- pool2
I0323 19:55:37.301177 18607 net.cpp:399] fc1 -> fc1
I0323 19:55:37.304903 18607 net.cpp:141] Setting up fc1
I0323 19:55:37.304915 18607 net.cpp:148] Top shape: 100 500 (50000)
I0323 19:55:37.304919 18607 net.cpp:156] Memory required for data: 19717600
I0323 19:55:37.304929 18607 layer_factory.hpp:77] Creating layer score
I0323 19:55:37.304939 18607 net.cpp:91] Creating Layer score
I0323 19:55:37.304942 18607 net.cpp:425] score <- fc1
I0323 19:55:37.304949 18607 net.cpp:399] score -> score
I0323 19:55:37.305096 18607 net.cpp:141] Setting up score
I0323 19:55:37.305105 18607 net.cpp:148] Top shape: 100 10 (1000)
I0323 19:55:37.305109 18607 net.cpp:156] Memory required for data: 19721600
I0323 19:55:37.305116 18607 layer_factory.hpp:77] Creating layer loss
I0323 19:55:37.305125 18607 net.cpp:91] Creating Layer loss
I0323 19:55:37.305130 18607 net.cpp:425] loss <- score
I0323 19:55:37.305133 18607 net.cpp:425] loss <- label
I0323 19:55:37.305140 18607 net.cpp:399] loss -> loss
I0323 19:55:37.305179 18607 net.cpp:141] Setting up loss
I0323 19:55:37.305187 18607 net.cpp:148] Top shape: (1)
I0323 19:55:37.305191 18607 net.cpp:151]     with loss weight 1
I0323 19:55:37.305207 18607 net.cpp:156] Memory required for data: 19721604
I0323 19:55:37.305212 18607 net.cpp:217] loss needs backward computation.
I0323 19:55:37.305215 18607 net.cpp:217] score needs backward computation.
I0323 19:55:37.305219 18607 net.cpp:217] fc1 needs backward computation.
I0323 19:55:37.305222 18607 net.cpp:217] relu2 needs backward computation.
I0323 19:55:37.305225 18607 net.cpp:217] pool2 needs backward computation.
I0323 19:55:37.305229 18607 net.cpp:217] conv2 needs backward computation.
I0323 19:55:37.305233 18607 net.cpp:217] relu1 needs backward computation.
I0323 19:55:37.305235 18607 net.cpp:217] pool1 needs backward computation.
I0323 19:55:37.305239 18607 net.cpp:217] conv1 needs backward computation.
I0323 19:55:37.305243 18607 net.cpp:219] data does not need backward computation.
I0323 19:55:37.305246 18607 net.cpp:261] This network produces output loss
I0323 19:55:37.305254 18607 net.cpp:274] Network initialization done.
I0323 19:55:37.305284 18607 solver.cpp:60] Solver scaffolding done.
I0323 19:55:37.306349 18607 solver.cpp:337] Iteration 0, Testing net (#0)
I0323 19:55:41.580831 18607 solver.cpp:404]     Test net output #0: loss = 7.01083 (* 1 = 7.01083 loss)
I0323 19:55:41.611546 18607 solver.cpp:228] Iteration 0, loss = 7.02038
I0323 19:55:41.611562 18607 solver.cpp:244]     Train net output #0: loss = 7.02038 (* 1 = 7.02038 loss)
I0323 19:55:41.611573 18607 sgd_solver.cpp:106] Iteration 0, lr = 0.01
I0323 19:55:41.966600 18607 solver.cpp:337] Iteration 10, Testing net (#0)
I0323 19:55:46.245463 18607 solver.cpp:404]     Test net output #0: loss = 4.0282 (* 1 = 4.0282 loss)
I0323 19:55:46.275141 18607 solver.cpp:228] Iteration 10, loss = 4.08518
I0323 19:55:46.275156 18607 solver.cpp:244]     Train net output #0: loss = 4.08518 (* 1 = 4.08518 loss)
I0323 19:55:46.275167 18607 sgd_solver.cpp:106] Iteration 10, lr = 0.00999251
I0323 19:55:46.630599 18607 solver.cpp:337] Iteration 20, Testing net (#0)
I0323 19:55:50.908835 18607 solver.cpp:404]     Test net output #0: loss = 3.28629 (* 1 = 3.28629 loss)
I0323 19:55:50.938449 18607 solver.cpp:228] Iteration 20, loss = 3.32881
I0323 19:55:50.938465 18607 solver.cpp:244]     Train net output #0: loss = 3.32881 (* 1 = 3.32881 loss)
I0323 19:55:50.938474 18607 sgd_solver.cpp:106] Iteration 20, lr = 0.00998503
I0323 19:55:51.293915 18607 solver.cpp:337] Iteration 30, Testing net (#0)
I0323 19:55:55.578335 18607 solver.cpp:404]     Test net output #0: loss = 3.24328 (* 1 = 3.24328 loss)
I0323 19:55:55.608091 18607 solver.cpp:228] Iteration 30, loss = 3.25198
I0323 19:55:55.608108 18607 solver.cpp:244]     Train net output #0: loss = 3.25198 (* 1 = 3.25198 loss)
I0323 19:55:55.608117 18607 sgd_solver.cpp:106] Iteration 30, lr = 0.00997756
I0323 19:55:55.963768 18607 solver.cpp:337] Iteration 40, Testing net (#0)
I0323 19:56:00.252135 18607 solver.cpp:404]     Test net output #0: loss = 3.20101 (* 1 = 3.20101 loss)
I0323 19:56:00.282097 18607 solver.cpp:228] Iteration 40, loss = 3.17232
I0323 19:56:00.282148 18607 solver.cpp:244]     Train net output #0: loss = 3.17232 (* 1 = 3.17232 loss)
I0323 19:56:00.282160 18607 sgd_solver.cpp:106] Iteration 40, lr = 0.0099701
I0323 19:56:00.639673 18607 solver.cpp:337] Iteration 50, Testing net (#0)
I0323 19:56:04.928969 18607 solver.cpp:404]     Test net output #0: loss = 3.15157 (* 1 = 3.15157 loss)
I0323 19:56:04.958602 18607 solver.cpp:228] Iteration 50, loss = 3.11708
I0323 19:56:04.958621 18607 solver.cpp:244]     Train net output #0: loss = 3.11708 (* 1 = 3.11708 loss)
I0323 19:56:04.958631 18607 sgd_solver.cpp:106] Iteration 50, lr = 0.00996266
I0323 19:56:05.314048 18607 solver.cpp:337] Iteration 60, Testing net (#0)
I0323 19:56:09.593135 18607 solver.cpp:404]     Test net output #0: loss = 3.10505 (* 1 = 3.10505 loss)
I0323 19:56:09.622829 18607 solver.cpp:228] Iteration 60, loss = 3.07073
I0323 19:56:09.622846 18607 solver.cpp:244]     Train net output #0: loss = 3.07073 (* 1 = 3.07073 loss)
I0323 19:56:09.622855 18607 sgd_solver.cpp:106] Iteration 60, lr = 0.00995523
I0323 19:56:09.978420 18607 solver.cpp:337] Iteration 70, Testing net (#0)
I0323 19:56:14.257809 18607 solver.cpp:404]     Test net output #0: loss = 3.06416 (* 1 = 3.06416 loss)
I0323 19:56:14.287474 18607 solver.cpp:228] Iteration 70, loss = 2.98505
I0323 19:56:14.287490 18607 solver.cpp:244]     Train net output #0: loss = 2.98505 (* 1 = 2.98505 loss)
I0323 19:56:14.287500 18607 sgd_solver.cpp:106] Iteration 70, lr = 0.00994782
I0323 19:56:14.642962 18607 solver.cpp:337] Iteration 80, Testing net (#0)
I0323 19:56:18.921799 18607 solver.cpp:404]     Test net output #0: loss = 3.01853 (* 1 = 3.01853 loss)
I0323 19:56:18.951488 18607 solver.cpp:228] Iteration 80, loss = 2.91792
I0323 19:56:18.951505 18607 solver.cpp:244]     Train net output #0: loss = 2.91792 (* 1 = 2.91792 loss)
I0323 19:56:18.951514 18607 sgd_solver.cpp:106] Iteration 80, lr = 0.00994042
I0323 19:56:19.306906 18607 solver.cpp:337] Iteration 90, Testing net (#0)
I0323 19:56:23.589838 18607 solver.cpp:404]     Test net output #0: loss = 2.98881 (* 1 = 2.98881 loss)
I0323 19:56:23.619462 18607 solver.cpp:228] Iteration 90, loss = 3.01644
I0323 19:56:23.619477 18607 solver.cpp:244]     Train net output #0: loss = 3.01644 (* 1 = 3.01644 loss)
I0323 19:56:23.619487 18607 sgd_solver.cpp:106] Iteration 90, lr = 0.00993303
I0323 19:56:23.974937 18607 solver.cpp:337] Iteration 100, Testing net (#0)
I0323 19:56:28.263556 18607 solver.cpp:404]     Test net output #0: loss = 2.923 (* 1 = 2.923 loss)
I0323 19:56:28.293588 18607 solver.cpp:228] Iteration 100, loss = 3.04423
I0323 19:56:28.293633 18607 solver.cpp:244]     Train net output #0: loss = 3.04423 (* 1 = 3.04423 loss)
I0323 19:56:28.293647 18607 sgd_solver.cpp:106] Iteration 100, lr = 0.00992565
I0323 19:56:28.650918 18607 solver.cpp:337] Iteration 110, Testing net (#0)
I0323 19:56:32.940615 18607 solver.cpp:404]     Test net output #0: loss = 2.89829 (* 1 = 2.89829 loss)
I0323 19:56:32.970356 18607 solver.cpp:228] Iteration 110, loss = 2.84021
I0323 19:56:32.970399 18607 solver.cpp:244]     Train net output #0: loss = 2.84021 (* 1 = 2.84021 loss)
I0323 19:56:32.970409 18607 sgd_solver.cpp:106] Iteration 110, lr = 0.00991829
I0323 19:56:33.326807 18607 solver.cpp:337] Iteration 120, Testing net (#0)
I0323 19:56:37.617306 18607 solver.cpp:404]     Test net output #0: loss = 2.88213 (* 1 = 2.88213 loss)
I0323 19:56:37.646953 18607 solver.cpp:228] Iteration 120, loss = 2.92667
I0323 19:56:37.646976 18607 solver.cpp:244]     Train net output #0: loss = 2.92667 (* 1 = 2.92667 loss)
I0323 19:56:37.646986 18607 sgd_solver.cpp:106] Iteration 120, lr = 0.00991093
I0323 19:56:38.002928 18607 solver.cpp:337] Iteration 130, Testing net (#0)
I0323 19:56:42.292260 18607 solver.cpp:404]     Test net output #0: loss = 2.86207 (* 1 = 2.86207 loss)
I0323 19:56:42.322080 18607 solver.cpp:228] Iteration 130, loss = 2.63662
I0323 19:56:42.322126 18607 solver.cpp:244]     Train net output #0: loss = 2.63662 (* 1 = 2.63662 loss)
I0323 19:56:42.322139 18607 sgd_solver.cpp:106] Iteration 130, lr = 0.0099036
I0323 19:56:42.679589 18607 solver.cpp:337] Iteration 140, Testing net (#0)
I0323 19:56:46.968466 18607 solver.cpp:404]     Test net output #0: loss = 2.88639 (* 1 = 2.88639 loss)
I0323 19:56:46.998170 18607 solver.cpp:228] Iteration 140, loss = 2.76899
I0323 19:56:46.998200 18607 solver.cpp:244]     Train net output #0: loss = 2.76899 (* 1 = 2.76899 loss)
I0323 19:56:46.998210 18607 sgd_solver.cpp:106] Iteration 140, lr = 0.00989627
I0323 19:56:47.354280 18607 solver.cpp:337] Iteration 150, Testing net (#0)
I0323 19:56:51.644742 18607 solver.cpp:404]     Test net output #0: loss = 2.80376 (* 1 = 2.80376 loss)
I0323 19:56:51.674418 18607 solver.cpp:228] Iteration 150, loss = 2.62135
I0323 19:56:51.674444 18607 solver.cpp:244]     Train net output #0: loss = 2.62135 (* 1 = 2.62135 loss)
I0323 19:56:51.674453 18607 sgd_solver.cpp:106] Iteration 150, lr = 0.00988896
I0323 19:56:52.030448 18607 solver.cpp:337] Iteration 160, Testing net (#0)
I0323 19:56:56.316967 18607 solver.cpp:404]     Test net output #0: loss = 2.79926 (* 1 = 2.79926 loss)
I0323 19:56:56.346597 18607 solver.cpp:228] Iteration 160, loss = 2.8082
I0323 19:56:56.346614 18607 solver.cpp:244]     Train net output #0: loss = 2.8082 (* 1 = 2.8082 loss)
I0323 19:56:56.346623 18607 sgd_solver.cpp:106] Iteration 160, lr = 0.00988166
I0323 19:56:56.702092 18607 solver.cpp:337] Iteration 170, Testing net (#0)
I0323 19:57:00.981333 18607 solver.cpp:404]     Test net output #0: loss = 2.78216 (* 1 = 2.78216 loss)
I0323 19:57:01.010952 18607 solver.cpp:228] Iteration 170, loss = 2.76401
I0323 19:57:01.010968 18607 solver.cpp:244]     Train net output #0: loss = 2.76401 (* 1 = 2.76401 loss)
I0323 19:57:01.010977 18607 sgd_solver.cpp:106] Iteration 170, lr = 0.00987437
I0323 19:57:01.366677 18607 solver.cpp:337] Iteration 180, Testing net (#0)
I0323 19:57:05.656829 18607 solver.cpp:404]     Test net output #0: loss = 2.76057 (* 1 = 2.76057 loss)
I0323 19:57:05.686631 18607 solver.cpp:228] Iteration 180, loss = 2.73689
I0323 19:57:05.686657 18607 solver.cpp:244]     Train net output #0: loss = 2.73689 (* 1 = 2.73689 loss)
I0323 19:57:05.686668 18607 sgd_solver.cpp:106] Iteration 180, lr = 0.00986709
I0323 19:57:06.042732 18607 solver.cpp:337] Iteration 190, Testing net (#0)
I0323 19:57:10.334249 18607 solver.cpp:404]     Test net output #0: loss = 2.75997 (* 1 = 2.75997 loss)
I0323 19:57:10.364258 18607 solver.cpp:228] Iteration 190, loss = 2.81786
I0323 19:57:10.364305 18607 solver.cpp:244]     Train net output #0: loss = 2.81786 (* 1 = 2.81786 loss)
I0323 19:57:10.364316 18607 sgd_solver.cpp:106] Iteration 190, lr = 0.00985983
I0323 19:57:10.721824 18607 solver.cpp:337] Iteration 200, Testing net (#0)
I0323 19:57:15.010766 18607 solver.cpp:404]     Test net output #0: loss = 2.73005 (* 1 = 2.73005 loss)
I0323 19:57:15.040493 18607 solver.cpp:228] Iteration 200, loss = 2.81597
I0323 19:57:15.040509 18607 solver.cpp:244]     Train net output #0: loss = 2.81597 (* 1 = 2.81597 loss)
I0323 19:57:15.040518 18607 sgd_solver.cpp:106] Iteration 200, lr = 0.00985258
I0323 19:57:15.397135 18607 solver.cpp:337] Iteration 210, Testing net (#0)
I0323 19:57:19.687345 18607 solver.cpp:404]     Test net output #0: loss = 2.73734 (* 1 = 2.73734 loss)
I0323 19:57:19.717059 18607 solver.cpp:228] Iteration 210, loss = 2.64427
I0323 19:57:19.717083 18607 solver.cpp:244]     Train net output #0: loss = 2.64427 (* 1 = 2.64427 loss)
I0323 19:57:19.717092 18607 sgd_solver.cpp:106] Iteration 210, lr = 0.00984534
I0323 19:57:20.073564 18607 solver.cpp:337] Iteration 220, Testing net (#0)
I0323 19:57:24.363773 18607 solver.cpp:404]     Test net output #0: loss = 2.71173 (* 1 = 2.71173 loss)
I0323 19:57:24.393612 18607 solver.cpp:228] Iteration 220, loss = 2.69824
I0323 19:57:24.393659 18607 solver.cpp:244]     Train net output #0: loss = 2.69824 (* 1 = 2.69824 loss)
I0323 19:57:24.393669 18607 sgd_solver.cpp:106] Iteration 220, lr = 0.00983811
I0323 19:57:24.750279 18607 solver.cpp:337] Iteration 230, Testing net (#0)
I0323 19:57:29.038972 18607 solver.cpp:404]     Test net output #0: loss = 2.70119 (* 1 = 2.70119 loss)
I0323 19:57:29.068845 18607 solver.cpp:228] Iteration 230, loss = 2.92282
I0323 19:57:29.068897 18607 solver.cpp:244]     Train net output #0: loss = 2.92282 (* 1 = 2.92282 loss)
I0323 19:57:29.068907 18607 sgd_solver.cpp:106] Iteration 230, lr = 0.0098309
I0323 19:57:29.426137 18607 solver.cpp:337] Iteration 240, Testing net (#0)
I0323 19:57:33.712309 18607 solver.cpp:404]     Test net output #0: loss = 2.7073 (* 1 = 2.7073 loss)
I0323 19:57:33.741907 18607 solver.cpp:228] Iteration 240, loss = 2.6277
I0323 19:57:33.741925 18607 solver.cpp:244]     Train net output #0: loss = 2.6277 (* 1 = 2.6277 loss)
I0323 19:57:33.741932 18607 sgd_solver.cpp:106] Iteration 240, lr = 0.0098237
I0323 19:57:34.097489 18607 solver.cpp:337] Iteration 250, Testing net (#0)
I0323 19:57:38.386809 18607 solver.cpp:404]     Test net output #0: loss = 2.68284 (* 1 = 2.68284 loss)
I0323 19:57:38.416602 18607 solver.cpp:228] Iteration 250, loss = 2.90758
I0323 19:57:38.416627 18607 solver.cpp:244]     Train net output #0: loss = 2.90758 (* 1 = 2.90758 loss)
I0323 19:57:38.416636 18607 sgd_solver.cpp:106] Iteration 250, lr = 0.00981651
I0323 19:57:38.772569 18607 solver.cpp:337] Iteration 260, Testing net (#0)
I0323 19:57:43.061311 18607 solver.cpp:404]     Test net output #0: loss = 2.66859 (* 1 = 2.66859 loss)
I0323 19:57:43.091166 18607 solver.cpp:228] Iteration 260, loss = 2.64195
I0323 19:57:43.091212 18607 solver.cpp:244]     Train net output #0: loss = 2.64195 (* 1 = 2.64195 loss)
I0323 19:57:43.091224 18607 sgd_solver.cpp:106] Iteration 260, lr = 0.00980933
I0323 19:57:43.448426 18607 solver.cpp:337] Iteration 270, Testing net (#0)
I0323 19:57:47.735615 18607 solver.cpp:404]     Test net output #0: loss = 2.69294 (* 1 = 2.69294 loss)
I0323 19:57:47.765314 18607 solver.cpp:228] Iteration 270, loss = 2.67795
I0323 19:57:47.765332 18607 solver.cpp:244]     Train net output #0: loss = 2.67795 (* 1 = 2.67795 loss)
I0323 19:57:47.765341 18607 sgd_solver.cpp:106] Iteration 270, lr = 0.00980217
I0323 19:57:48.122764 18607 solver.cpp:337] Iteration 280, Testing net (#0)
I0323 19:57:52.412940 18607 solver.cpp:404]     Test net output #0: loss = 2.67622 (* 1 = 2.67622 loss)
I0323 19:57:52.442641 18607 solver.cpp:228] Iteration 280, loss = 2.56575
I0323 19:57:52.442672 18607 solver.cpp:244]     Train net output #0: loss = 2.56575 (* 1 = 2.56575 loss)
I0323 19:57:52.442680 18607 sgd_solver.cpp:106] Iteration 280, lr = 0.00979502
I0323 19:57:52.798774 18607 solver.cpp:337] Iteration 290, Testing net (#0)
I0323 19:57:57.086650 18607 solver.cpp:404]     Test net output #0: loss = 2.65546 (* 1 = 2.65546 loss)
I0323 19:57:57.116453 18607 solver.cpp:228] Iteration 290, loss = 2.71637
I0323 19:57:57.116485 18607 solver.cpp:244]     Train net output #0: loss = 2.71637 (* 1 = 2.71637 loss)
I0323 19:57:57.116494 18607 sgd_solver.cpp:106] Iteration 290, lr = 0.00978788
I0323 19:57:57.472549 18607 solver.cpp:337] Iteration 300, Testing net (#0)
I0323 19:58:01.762635 18607 solver.cpp:404]     Test net output #0: loss = 2.66191 (* 1 = 2.66191 loss)
I0323 19:58:01.792328 18607 solver.cpp:228] Iteration 300, loss = 2.70504
I0323 19:58:01.792346 18607 solver.cpp:244]     Train net output #0: loss = 2.70504 (* 1 = 2.70504 loss)
I0323 19:58:01.792353 18607 sgd_solver.cpp:106] Iteration 300, lr = 0.00978075
I0323 19:58:02.148152 18607 solver.cpp:337] Iteration 310, Testing net (#0)
I0323 19:58:06.433390 18607 solver.cpp:404]     Test net output #0: loss = 2.65176 (* 1 = 2.65176 loss)
I0323 19:58:06.463140 18607 solver.cpp:228] Iteration 310, loss = 2.75187
I0323 19:58:06.463189 18607 solver.cpp:244]     Train net output #0: loss = 2.75187 (* 1 = 2.75187 loss)
I0323 19:58:06.463201 18607 sgd_solver.cpp:106] Iteration 310, lr = 0.00977363
I0323 19:58:06.819581 18607 solver.cpp:337] Iteration 320, Testing net (#0)
I0323 19:58:11.105677 18607 solver.cpp:404]     Test net output #0: loss = 2.64916 (* 1 = 2.64916 loss)
I0323 19:58:11.135344 18607 solver.cpp:228] Iteration 320, loss = 2.59297
I0323 19:58:11.135366 18607 solver.cpp:244]     Train net output #0: loss = 2.59297 (* 1 = 2.59297 loss)
I0323 19:58:11.135375 18607 sgd_solver.cpp:106] Iteration 320, lr = 0.00976653
I0323 19:58:11.492044 18607 solver.cpp:337] Iteration 330, Testing net (#0)
I0323 19:58:15.781699 18607 solver.cpp:404]     Test net output #0: loss = 2.63957 (* 1 = 2.63957 loss)
I0323 19:58:15.811365 18607 solver.cpp:228] Iteration 330, loss = 2.74501
I0323 19:58:15.811383 18607 solver.cpp:244]     Train net output #0: loss = 2.74501 (* 1 = 2.74501 loss)
I0323 19:58:15.811393 18607 sgd_solver.cpp:106] Iteration 330, lr = 0.00975944
I0323 19:58:16.167053 18607 solver.cpp:337] Iteration 340, Testing net (#0)
I0323 19:58:20.451916 18607 solver.cpp:404]     Test net output #0: loss = 2.64011 (* 1 = 2.64011 loss)
I0323 19:58:20.481545 18607 solver.cpp:228] Iteration 340, loss = 2.36817
I0323 19:58:20.481561 18607 solver.cpp:244]     Train net output #0: loss = 2.36817 (* 1 = 2.36817 loss)
I0323 19:58:20.481570 18607 sgd_solver.cpp:106] Iteration 340, lr = 0.00975236
I0323 19:58:20.837064 18607 solver.cpp:337] Iteration 350, Testing net (#0)
I0323 19:58:25.115551 18607 solver.cpp:404]     Test net output #0: loss = 2.63661 (* 1 = 2.63661 loss)
I0323 19:58:25.145189 18607 solver.cpp:228] Iteration 350, loss = 2.57884
I0323 19:58:25.145205 18607 solver.cpp:244]     Train net output #0: loss = 2.57884 (* 1 = 2.57884 loss)
I0323 19:58:25.145213 18607 sgd_solver.cpp:106] Iteration 350, lr = 0.00974529
I0323 19:58:25.500706 18607 solver.cpp:337] Iteration 360, Testing net (#0)
I0323 19:58:29.779958 18607 solver.cpp:404]     Test net output #0: loss = 2.62511 (* 1 = 2.62511 loss)
I0323 19:58:29.809566 18607 solver.cpp:228] Iteration 360, loss = 2.65786
I0323 19:58:29.809583 18607 solver.cpp:244]     Train net output #0: loss = 2.65786 (* 1 = 2.65786 loss)
I0323 19:58:29.809592 18607 sgd_solver.cpp:106] Iteration 360, lr = 0.00973823
I0323 19:58:30.165125 18607 solver.cpp:337] Iteration 370, Testing net (#0)
I0323 19:58:34.451079 18607 solver.cpp:404]     Test net output #0: loss = 2.62516 (* 1 = 2.62516 loss)
I0323 19:58:34.481029 18607 solver.cpp:228] Iteration 370, loss = 2.80086
I0323 19:58:34.481082 18607 solver.cpp:244]     Train net output #0: loss = 2.80086 (* 1 = 2.80086 loss)
I0323 19:58:34.481096 18607 sgd_solver.cpp:106] Iteration 370, lr = 0.00973119
I0323 19:58:34.838265 18607 solver.cpp:337] Iteration 380, Testing net (#0)
I0323 19:58:39.125782 18607 solver.cpp:404]     Test net output #0: loss = 2.60277 (* 1 = 2.60277 loss)
I0323 19:58:39.155427 18607 solver.cpp:228] Iteration 380, loss = 2.66285
I0323 19:58:39.155444 18607 solver.cpp:244]     Train net output #0: loss = 2.66285 (* 1 = 2.66285 loss)
I0323 19:58:39.155454 18607 sgd_solver.cpp:106] Iteration 380, lr = 0.00972416
I0323 19:58:39.511504 18607 solver.cpp:337] Iteration 390, Testing net (#0)
I0323 19:58:43.803753 18607 solver.cpp:404]     Test net output #0: loss = 2.59527 (* 1 = 2.59527 loss)
I0323 19:58:43.833731 18607 solver.cpp:228] Iteration 390, loss = 2.76037
I0323 19:58:43.833781 18607 solver.cpp:244]     Train net output #0: loss = 2.76037 (* 1 = 2.76037 loss)
I0323 19:58:43.833794 18607 sgd_solver.cpp:106] Iteration 390, lr = 0.00971714
I0323 19:58:44.191011 18607 solver.cpp:337] Iteration 400, Testing net (#0)
I0323 19:58:48.477690 18607 solver.cpp:404]     Test net output #0: loss = 2.59907 (* 1 = 2.59907 loss)
I0323 19:58:48.507555 18607 solver.cpp:228] Iteration 400, loss = 2.55189
I0323 19:58:48.507601 18607 solver.cpp:244]     Train net output #0: loss = 2.55189 (* 1 = 2.55189 loss)
I0323 19:58:48.507611 18607 sgd_solver.cpp:106] Iteration 400, lr = 0.00971013
I0323 19:58:48.864125 18607 solver.cpp:337] Iteration 410, Testing net (#0)
I0323 19:58:53.153714 18607 solver.cpp:404]     Test net output #0: loss = 2.58988 (* 1 = 2.58988 loss)
I0323 19:58:53.183428 18607 solver.cpp:228] Iteration 410, loss = 2.24857
I0323 19:58:53.183454 18607 solver.cpp:244]     Train net output #0: loss = 2.24857 (* 1 = 2.24857 loss)
I0323 19:58:53.183464 18607 sgd_solver.cpp:106] Iteration 410, lr = 0.00970313
I0323 19:58:53.539108 18607 solver.cpp:337] Iteration 420, Testing net (#0)
I0323 19:58:57.828444 18607 solver.cpp:404]     Test net output #0: loss = 2.59227 (* 1 = 2.59227 loss)
I0323 19:58:57.858196 18607 solver.cpp:228] Iteration 420, loss = 2.64039
I0323 19:58:57.858240 18607 solver.cpp:244]     Train net output #0: loss = 2.64039 (* 1 = 2.64039 loss)
I0323 19:58:57.858252 18607 sgd_solver.cpp:106] Iteration 420, lr = 0.00969615
I0323 19:58:58.214536 18607 solver.cpp:337] Iteration 430, Testing net (#0)
I0323 19:59:02.501117 18607 solver.cpp:404]     Test net output #0: loss = 2.59725 (* 1 = 2.59725 loss)
I0323 19:59:02.530776 18607 solver.cpp:228] Iteration 430, loss = 2.59255
I0323 19:59:02.530802 18607 solver.cpp:244]     Train net output #0: loss = 2.59255 (* 1 = 2.59255 loss)
I0323 19:59:02.530810 18607 sgd_solver.cpp:106] Iteration 430, lr = 0.00968917
I0323 19:59:02.886840 18607 solver.cpp:337] Iteration 440, Testing net (#0)
I0323 19:59:07.177534 18607 solver.cpp:404]     Test net output #0: loss = 2.58728 (* 1 = 2.58728 loss)
I0323 19:59:07.207228 18607 solver.cpp:228] Iteration 440, loss = 2.58176
I0323 19:59:07.207259 18607 solver.cpp:244]     Train net output #0: loss = 2.58176 (* 1 = 2.58176 loss)
I0323 19:59:07.207268 18607 sgd_solver.cpp:106] Iteration 440, lr = 0.00968221
I0323 19:59:07.563426 18607 solver.cpp:337] Iteration 450, Testing net (#0)
I0323 19:59:11.847457 18607 solver.cpp:404]     Test net output #0: loss = 2.58909 (* 1 = 2.58909 loss)
I0323 19:59:11.877323 18607 solver.cpp:228] Iteration 450, loss = 2.62458
I0323 19:59:11.877372 18607 solver.cpp:244]     Train net output #0: loss = 2.62458 (* 1 = 2.62458 loss)
I0323 19:59:11.877383 18607 sgd_solver.cpp:106] Iteration 450, lr = 0.00967526
I0323 19:59:12.234966 18607 solver.cpp:337] Iteration 460, Testing net (#0)
I0323 19:59:16.522321 18607 solver.cpp:404]     Test net output #0: loss = 2.58443 (* 1 = 2.58443 loss)
I0323 19:59:16.552240 18607 solver.cpp:228] Iteration 460, loss = 2.5879
I0323 19:59:16.552287 18607 solver.cpp:244]     Train net output #0: loss = 2.5879 (* 1 = 2.5879 loss)
I0323 19:59:16.552297 18607 sgd_solver.cpp:106] Iteration 460, lr = 0.00966833
I0323 19:59:16.908918 18607 solver.cpp:337] Iteration 470, Testing net (#0)
I0323 19:59:21.199473 18607 solver.cpp:404]     Test net output #0: loss = 2.57896 (* 1 = 2.57896 loss)
I0323 19:59:21.229176 18607 solver.cpp:228] Iteration 470, loss = 2.88428
I0323 19:59:21.229207 18607 solver.cpp:244]     Train net output #0: loss = 2.88428 (* 1 = 2.88428 loss)
I0323 19:59:21.229215 18607 sgd_solver.cpp:106] Iteration 470, lr = 0.0096614
I0323 19:59:21.585602 18607 solver.cpp:337] Iteration 480, Testing net (#0)
I0323 19:59:25.872334 18607 solver.cpp:404]     Test net output #0: loss = 2.58129 (* 1 = 2.58129 loss)
I0323 19:59:25.902259 18607 solver.cpp:228] Iteration 480, loss = 2.6274
I0323 19:59:25.902307 18607 solver.cpp:244]     Train net output #0: loss = 2.6274 (* 1 = 2.6274 loss)
I0323 19:59:25.902318 18607 sgd_solver.cpp:106] Iteration 480, lr = 0.00965448
I0323 19:59:26.259922 18607 solver.cpp:337] Iteration 490, Testing net (#0)
I0323 19:59:30.547938 18607 solver.cpp:404]     Test net output #0: loss = 2.57301 (* 1 = 2.57301 loss)
I0323 19:59:30.577636 18607 solver.cpp:228] Iteration 490, loss = 2.58394
I0323 19:59:30.577651 18607 solver.cpp:244]     Train net output #0: loss = 2.58394 (* 1 = 2.58394 loss)
I0323 19:59:30.577661 18607 sgd_solver.cpp:106] Iteration 490, lr = 0.00964758
